CleanArchitectureStudy/presentaion/build/intermediates/manifest_merge_blame_file/debug/manifest-merger-blame-debug-report.txt
1<?xml version="1.0" encoding="utf-8"?>
2<manifest xmlns:android="http://schemas.android.com/apk/res/android"
3    package="com.example.cleanarchitecturestudy" >
4
5    <uses-sdk
6        android:minSdkVersion="24"
6-->src/main/AndroidManifest.xml
7        android:targetSdkVersion="28" />
7-->[androidx.fragment:fragment-ktx:1.2.5] AndroidManifest.xml:22:9-38
8
9    <uses-permission android:name="android.permission.ACCESS_NETWORK_STATE" />
9-->src/main/AndroidManifest.xml:6:5-79
9-->src/main/AndroidManifest.xml:6:22-76
10    <uses-permission android:name="android.permission.INTERNET" />
10-->src/main/AndroidManifest.xml:7:5-67
10-->src/main/AndroidManifest.xml:7:22-64
11    <uses-permission android:name="android.permission.CAMERA" />
11-->src/main/AndroidManifest.xml:8:5-65
11-->src/main/AndroidManifest.xml:8:22-62
12    <uses-permission android:name="android.permission.GET_TASKS" /> <!-- Don't require camera, as this requires a rear camera. This allows it to work on the Nexus 7 -->
12-->[io.imqa:imqa-core:2.29.166-SNAPSHOT] AndroidManifest.xml:9:5-68
12-->[io.imqa:imqa-core:2.29.166-SNAPSHOT] AndroidManifest.xml:9:22-65
13    <uses-feature
13-->[com.journeyapps:zxing-android-embedded:4.3.0] AndroidManifest.xml:25:5-27:36
14        android:name="android.hardware.camera"
14-->[com.journeyapps:zxing-android-embedded:4.3.0] AndroidManifest.xml:26:9-47
15        android:required="false" />
15-->[com.journeyapps:zxing-android-embedded:4.3.0] AndroidManifest.xml:27:9-33
16    <uses-feature
16-->[com.journeyapps:zxing-android-embedded:4.3.0] AndroidManifest.xml:28:5-30:36
17        android:name="android.hardware.camera.front"
17-->[com.journeyapps:zxing-android-embedded:4.3.0] AndroidManifest.xml:29:9-53
18        android:required="false" /> <!-- TODO replace above two with next line after Android 4.2 -->
18-->[com.journeyapps:zxing-android-embedded:4.3.0] AndroidManifest.xml:30:9-33
19    <!-- <uses-feature android:name="android.hardware.camera.any"/> -->
20    <uses-feature
20-->[com.journeyapps:zxing-android-embedded:4.3.0] AndroidManifest.xml:33:5-35:36
21        android:name="android.hardware.camera.autofocus"
21-->[com.journeyapps:zxing-android-embedded:4.3.0] AndroidManifest.xml:34:9-57
22        android:required="false" />
22-->[com.journeyapps:zxing-android-embedded:4.3.0] AndroidManifest.xml:35:9-33
23    <uses-feature
23-->[com.journeyapps:zxing-android-embedded:4.3.0] AndroidManifest.xml:36:5-38:36
24        android:name="android.hardware.camera.flash"
24-->[com.journeyapps:zxing-android-embedded:4.3.0] AndroidManifest.xml:37:9-53
25        android:required="false" />
25-->[com.journeyapps:zxing-android-embedded:4.3.0] AndroidManifest.xml:38:9-33
26    <uses-feature
26-->[com.journeyapps:zxing-android-embedded:4.3.0] AndroidManifest.xml:39:5-41:36
27        android:name="android.hardware.screen.landscape"
27-->[com.journeyapps:zxing-android-embedded:4.3.0] AndroidManifest.xml:40:9-57
28        android:required="false" />
28-->[com.journeyapps:zxing-android-embedded:4.3.0] AndroidManifest.xml:41:9-33
29    <uses-feature
29-->[com.journeyapps:zxing-android-embedded:4.3.0] AndroidManifest.xml:42:5-44:36
30        android:name="android.hardware.wifi"
30-->[com.journeyapps:zxing-android-embedded:4.3.0] AndroidManifest.xml:43:9-45
31        android:required="false" />
31-->[com.journeyapps:zxing-android-embedded:4.3.0] AndroidManifest.xml:44:9-33
32
33    <application
33-->src/main/AndroidManifest.xml:10:5-47:19
34        android:name="com.example.cleanarchitecturestudy.di.DIApplication"
34-->src/main/AndroidManifest.xml:11:9-41
35        android:allowBackup="true"
35-->src/main/AndroidManifest.xml:12:9-35
36        android:appComponentFactory="androidx.core.app.CoreComponentFactory"
36-->[androidx.core:core:1.7.0] AndroidManifest.xml:24:18-86
37        android:debuggable="true"
38        android:extractNativeLibs="false"
39        android:icon="@mipmap/ic_launcher"
39-->src/main/AndroidManifest.xml:13:9-43
40        android:label="@string/app_name"
40-->src/main/AndroidManifest.xml:14:9-41
41        android:roundIcon="@mipmap/ic_launcher_round"
41-->src/main/AndroidManifest.xml:15:9-54
42        android:supportsRtl="true"
42-->src/main/AndroidManifest.xml:16:9-35
43        android:testOnly="true"
44        android:theme="@style/Theme.CleanArchitectureStudy" >
44-->src/main/AndroidManifest.xml:17:9-60
45
46        <!--
47        android12 (sdkVersion 31) 로 올라오면서,
48        외부 응용 프로그램에서 실행될 수 있는지 여부를 확인하는 exported 명시적 선언이 필요함. 기존에는 이 값이 자동 적용되었던 부분이다.
49        다른 애플리케이션에서 해당 액티비티를 시작할 수 있으면 true, 없으면 false 로 선언한다.
50        앱을 최초 실행하는 Main(LAUNCHER) 의 경우 false 로 설정하게 되면 앱 아이콘 클릭 시 앱이 실행되지 않는다.
51        -->
52        <activity
52-->src/main/AndroidManifest.xml:22:9-28:20
53            android:name="com.example.cleanarchitecturestudy.view.MainActivity"
53-->src/main/AndroidManifest.xml:22:19-52
54            android:exported="true" >
54-->src/main/AndroidManifest.xml:23:13-36
55
56            <!--
57            <intent-filter>
58                <action android:name="android.intent.action.MAIN" />
59                <category android:name="android.intent.category.LAUNCHER" />
60            </intent-filter>
61            -->
62        </activity>
63        <activity
63-->src/main/AndroidManifest.xml:30:9-37:20
64            android:name="com.example.cleanarchitecturestudy.view.intro.IntroActivity"
64-->src/main/AndroidManifest.xml:30:19-59
65            android:exported="true"
65-->src/main/AndroidManifest.xml:31:13-36
66            android:theme="@style/Theme.CleanArchitectureStudy" >
66-->src/main/AndroidManifest.xml:32:13-64
67            <intent-filter>
67-->src/main/AndroidManifest.xml:33:13-36:29
68                <action android:name="android.intent.action.MAIN" />
68-->src/main/AndroidManifest.xml:34:17-69
68-->src/main/AndroidManifest.xml:34:25-66
69
70                <category android:name="android.intent.category.LAUNCHER" />
70-->src/main/AndroidManifest.xml:35:17-77
70-->src/main/AndroidManifest.xml:35:27-74
71            </intent-filter>
72        </activity>
73        <activity
73-->src/main/AndroidManifest.xml:39:9-41:39
74            android:name="com.example.cleanarchitecturestudy.view.search.MovieSearchActivity"
74-->src/main/AndroidManifest.xml:39:19-66
75            android:exported="false"
75-->src/main/AndroidManifest.xml:41:13-37
76            android:windowSoftInputMode="adjustNothing" />
76-->src/main/AndroidManifest.xml:40:13-56
77        <activity
77-->src/main/AndroidManifest.xml:43:9-44:53
78            android:name="com.example.cleanarchitecturestudy.view.qr.QrCodeActivity"
78-->src/main/AndroidManifest.xml:43:19-57
79            android:screenOrientation="fullSensor" />
79-->src/main/AndroidManifest.xml:44:13-51
80        <activity android:name="com.example.cleanarchitecturestudy.view.web.WebViewActivity" />
80-->src/main/AndroidManifest.xml:46:9-61
80-->src/main/AndroidManifest.xml:46:19-59
81
82        <service
82-->[androidx.room:room-runtime:2.4.2] AndroidManifest.xml:25:9-28:40
83            android:name="androidx.room.MultiInstanceInvalidationService"
83-->[androidx.room:room-runtime:2.4.2] AndroidManifest.xml:26:13-74
84            android:directBootAware="true"
84-->[androidx.room:room-runtime:2.4.2] AndroidManifest.xml:27:13-43
85            android:exported="false" />
85-->[androidx.room:room-runtime:2.4.2] AndroidManifest.xml:28:13-37
86
87        <activity
87-->[com.journeyapps:zxing-android-embedded:4.3.0] AndroidManifest.xml:47:9-53:63
88            android:name="com.journeyapps.barcodescanner.CaptureActivity"
88-->[com.journeyapps:zxing-android-embedded:4.3.0] AndroidManifest.xml:48:13-74
89            android:clearTaskOnLaunch="true"
89-->[com.journeyapps:zxing-android-embedded:4.3.0] AndroidManifest.xml:49:13-45
90            android:screenOrientation="sensorLandscape"
90-->[com.journeyapps:zxing-android-embedded:4.3.0] AndroidManifest.xml:50:13-56
91            android:stateNotNeeded="true"
91-->[com.journeyapps:zxing-android-embedded:4.3.0] AndroidManifest.xml:51:13-42
92            android:theme="@style/zxing_CaptureTheme"
92-->[com.journeyapps:zxing-android-embedded:4.3.0] AndroidManifest.xml:52:13-54
93            android:windowSoftInputMode="stateAlwaysHidden" />
93-->[com.journeyapps:zxing-android-embedded:4.3.0] AndroidManifest.xml:53:13-60
94
95        <provider
95-->[androidx.emoji2:emoji2:1.0.0] AndroidManifest.xml:26:9-34:20
96            android:name="androidx.startup.InitializationProvider"
96-->[androidx.emoji2:emoji2:1.0.0] AndroidManifest.xml:27:13-67
97            android:authorities="com.example.cleanarchitecturestudy.androidx-startup"
97-->[androidx.emoji2:emoji2:1.0.0] AndroidManifest.xml:28:13-68
98            android:exported="false" >
98-->[androidx.emoji2:emoji2:1.0.0] AndroidManifest.xml:29:13-37
99            <meta-data
99-->[androidx.emoji2:emoji2:1.0.0] AndroidManifest.xml:31:13-33:52
100                android:name="androidx.emoji2.text.EmojiCompatInitializer"
100-->[androidx.emoji2:emoji2:1.0.0] AndroidManifest.xml:32:17-75
101                android:value="androidx.startup" />
101-->[androidx.emoji2:emoji2:1.0.0] AndroidManifest.xml:33:17-49
102            <meta-data
102-->[androidx.lifecycle:lifecycle-process:2.4.0] AndroidManifest.xml:31:13-33:52
103                android:name="androidx.lifecycle.ProcessLifecycleInitializer"
103-->[androidx.lifecycle:lifecycle-process:2.4.0] AndroidManifest.xml:32:17-78
104                android:value="androidx.startup" />
104-->[androidx.lifecycle:lifecycle-process:2.4.0] AndroidManifest.xml:33:17-49
105        </provider>
106    </application>
107
108</manifest>